build/app/outputs/mapping/r8/release/mapping.txt
# compiler: R8
# compiler_version: 1.2.49
# min_api: 16
br.com.jonathas.ru.ru.MainActivity -> br.com.jonathas.ru.ru.MainActivity:
...
com.google.firebase.firestore.remote.RemoteSerializer$$Lambda$1 -> com.google.firebase.firestore.f.K:
    com.google.firebase.firestore.remote.RemoteSerializer arg$1 -> a
    com.google.common.base.Function lambdaFactory$(com.google.firebase.firestore.remote.RemoteSerializer) -> a
com.google.firebase.firestore.remote.RemoteSerializer$$Lambda$2 -> com.google.firebase.firestore.f.L:
    com.google.firebase.firestore.remote.RemoteSerializer arg$1 -> a
    com.google.common.base.Function lambdaFactory$(com.google.firebase.firestore.remote.RemoteSerializer) -> a
com.google.firebase.firestore.remote.RemoteSerializer$1 -> com.google.firebase.firestore.f.M:
    int[] $SwitchMap$com$google$firebase$firestore$core$Filter$Operator -> h
    int[] $SwitchMap$com$google$firebase$firestore$local$QueryPurpose -> e
    int[] $SwitchMap$com$google$firestore$v1$DocumentTransform$FieldTransform$TransformTypeCase -> d
    int[] $SwitchMap$com$google$firestore$v1$ListenResponse$ResponseTypeCase -> l
    int[] $SwitchMap$com$google$firestore$v1$Precondition$ConditionTypeCase -> c
    int[] $SwitchMap$com$google$firestore$v1$StructuredQuery$Direction -> j
    int[] $SwitchMap$com$google$firestore$v1$StructuredQuery$FieldFilter$Operator -> i
    int[] $SwitchMap$com$google$firestore$v1$StructuredQuery$Filter$FilterTypeCase -> f
    int[] $SwitchMap$com$google$firestore$v1$StructuredQuery$UnaryFilter$Operator -> g
    int[] $SwitchMap$com$google$firestore$v1$TargetChange$TargetChangeType -> k
    int[] $SwitchMap$com$google$firestore$v1$Value$ValueTypeCase -> a
    int[] $SwitchMap$com$google$firestore$v1$Write$OperationCase -> b
com.google.firebase.firestore.remote.RemoteStore -> com.google.firebase.firestore.f.T:
    boolean networkEnabled -> g
    com.google.firebase.firestore.local.LocalStore localStore -> b
    com.google.firebase.firestore.remote.ConnectivityMonitor connectivityMonitor -> d
    com.google.firebase.firestore.remote.Datastore datastore -> c
    com.google.firebase.firestore.remote.OnlineStateTracker onlineStateTracker -> f
    com.google.firebase.firestore.remote.RemoteStore$RemoteStoreCallback remoteStoreCallback -> a
    com.google.firebase.firestore.remote.WatchChangeAggregator watchChangeAggregator -> j
    com.google.firebase.firestore.remote.WatchStream watchStream -> h
    com.google.firebase.firestore.remote.WriteStream writeStream -> i
    java.util.Deque writePipeline -> k
    java.util.Map listenTargets -> e
    boolean canAddToWritePipeline() -> n
    boolean shouldStartWatchStream() -> j
    boolean shouldStartWriteStream() -> i
    com.google.firebase.firestore.remote.WriteStream access$300(com.google.firebase.firestore.remote.RemoteStore) -> c
    void access$000(com.google.firebase.firestore.remote.RemoteStore) -> b
    void access$100(com.google.firebase.firestore.remote.RemoteStore,com.google.firebase.firestore.model.SnapshotVersion,com.google.firebase.firestore.remote.WatchChange) -> a
    void access$200(com.google.firebase.firestore.remote.RemoteStore,io.grpc.Status) -> a
    void access$400(com.google.firebase.firestore.remote.RemoteStore) -> d
com.google.firebase.firestore.remote.RemoteStore$$Lambda$1 -> com.google.firebase.firestore.f.O:
    com.google.firebase.firestore.remote.RemoteStore$RemoteStoreCallback arg$1 -> a
    com.google.firebase.firestore.remote.OnlineStateTracker$OnlineStateCallback lambdaFactory$(com.google.firebase.firestore.remote.RemoteStore$RemoteStoreCallback) -> a
    void handleOnlineStateChange(com.google.firebase.firestore.core.OnlineState) -> a
com.google.firebase.firestore.remote.RemoteStore$$Lambda$2 -> com.google.firebase.firestore.f.P:
    com.google.firebase.firestore.remote.RemoteStore arg$1 -> a
    com.google.firebase.firestore.util.AsyncQueue arg$2 -> b
    com.google.firebase.firestore.util.Consumer lambdaFactory$(com.google.firebase.firestore.remote.RemoteStore,com.google.firebase.firestore.util.AsyncQueue) -> a